C51 COMPILER V9.60.7.0   KEYBOARD                                                          07/15/2024 11:34:55 PAGE 1   


C51 COMPILER V9.60.7.0, COMPILATION OF MODULE KEYBOARD
OBJECT MODULE PLACED IN .\Objects\keyboard.obj
COMPILER INVOKED BY: C:\Keil5\Core\C51\BIN\C51.EXE keyboard.c OPTIMIZE(8,SPEED) BROWSE DEBUG OBJECTEXTEND PRINT(.\Listin
                    -gs\keyboard.lst) TABS(2) OBJECT(.\Objects\keyboard.obj)

line level    source

   1          #include "keyboard.h"
   2          #include "delay.h"
   3          #include <REGX52.H>
   4          
   5          unsigned char which_key (void)
   6          {
   7   1        unsigned char num = 0, mask, mask_1;
   8   1        
   9   1        for (mask = 0x8; mask > 0; mask >>= 1)
  10   1        {
  11   2          P1 = ~mask;
  12   2          delay_x_ms (1);
  13   2          
  14   2          for (mask_1 = 0x80; mask_1 > 0x8; mask_1 >>= 1)
  15   2          {
  16   3            if (!(P1 & mask_1))
  17   3            {
  18   4              delay_x_ms (10);
  19   4              while (!(P1 & mask_1));
  20   4              delay_x_ms (10);
  21   4              
  22   4              num = (mask) | (mask_1);
  23   4              return num;
  24   4            }
  25   3          }
  26   2        }
  27   1        
  28   1        return num;
  29   1      }


MODULE INFORMATION:   STATIC OVERLAYABLE
   CODE SIZE        =     87    ----
   CONSTANT SIZE    =   ----    ----
   XDATA SIZE       =   ----    ----
   PDATA SIZE       =   ----    ----
   DATA SIZE        =   ----       3
   IDATA SIZE       =   ----    ----
   BIT SIZE         =   ----    ----
END OF MODULE INFORMATION.


C51 COMPILATION COMPLETE.  0 WARNING(S),  0 ERROR(S)
