C51 COMPILER V9.60.7.0   MAIN                                                              07/15/2024 11:34:55 PAGE 1   


C51 COMPILER V9.60.7.0, COMPILATION OF MODULE MAIN
OBJECT MODULE PLACED IN .\Objects\main.obj
COMPILER INVOKED BY: C:\Keil5\Core\C51\BIN\C51.EXE main.c OPTIMIZE(8,SPEED) BROWSE DEBUG OBJECTEXTEND PRINT(.\Listings\m
                    -ain.lst) TABS(2) OBJECT(.\Objects\main.obj)

line level    source

   1          #include <REGX52.H>
   2          #include "delay.h"
   3          #include "run_lcd.h"
   4          #include "pass_wd.h"
   5          #include "keyboard.h"
   6          
   7          extern unsigned char xdata words[9][17];
   8          
   9          int main (void)
  10          {
  11   1        unsigned long pass_wd_set = 0, pass_wd_inp = 0;
  12   1        unsigned char input = 0, str[7], mod = 0;
  13   1        
  14   1        lcd_init ();
  15   1        lcd_string (words[0], 0, 0);
  16   1        
  17   1        while (1)
  18   1        {
  19   2          pass_wd_to_str (pass_wd_inp, str);
  20   2          lcd_string (str, 1, 0);
  21   2          
  22   2          input = which_key ();
  23   2          
  24   2          switch (input)
  25   2          {
  26   3            case BUT_ONE:
  27   3              input_pass_wd (&pass_wd_inp, 1);
  28   3              break;
  29   3            case BUT_TWO:
  30   3              input_pass_wd (&pass_wd_inp, 2);
  31   3              break;
  32   3            case BUT_THR:
  33   3              input_pass_wd (&pass_wd_inp, 3);
  34   3              break;
  35   3            case BUT_FOU:
  36   3              input_pass_wd (&pass_wd_inp, 4);
  37   3              break;
  38   3            case BUT_FIV:
  39   3              input_pass_wd (&pass_wd_inp, 5);
  40   3              break;
  41   3            case BUT_SIX:
  42   3              input_pass_wd (&pass_wd_inp, 6);
  43   3              break;
  44   3            case BUT_SEV:
  45   3              input_pass_wd (&pass_wd_inp, 7);
  46   3              break;
  47   3            case BUT_EIG:
  48   3              input_pass_wd (&pass_wd_inp, 8);
  49   3              break;
  50   3            case BUT_NIN:
  51   3              input_pass_wd (&pass_wd_inp, 9);
  52   3              break;
  53   3            case BUT_ZER:
  54   3              input_pass_wd (&pass_wd_inp, 0);
C51 COMPILER V9.60.7.0   MAIN                                                              07/15/2024 11:34:55 PAGE 2   

  55   3              break;
  56   3            case BUT_BKS:
  57   3              del_pass_wd (&pass_wd_inp);
  58   3              break;
  59   3            case BUT_CNF:
  60   3              switch (mod)
  61   3              {
  62   4                case 0:
  63   4                  lcd_string (words[3], 0, 0);
  64   4                  pass_wd_set = pass_wd_inp;
  65   4                  mod = 1;
  66   4                  pass_wd_inp = 0;
  67   4                  delay_x_ms (1500);
  68   4                  lcd_string (words[4], 0, 0);
  69   4                  break;
  70   4                case 1:
  71   4                  lcd_string (words[4], 0, 0);
  72   4                  compare_pass_wd (&pass_wd_inp, pass_wd_set);
  73   4                  break;
  74   4                case 2:
  75   4                  if (compare_pass_wd (&pass_wd_inp, pass_wd_set))
  76   4                  {
  77   5                    mod = 0;
  78   5                    lcd_string (words[0], 0, 0);
  79   5                  }
  80   4                  break;
  81   4                default:
  82   4                  break;
  83   4              }
  84   3              break;
  85   3            case BUT_CHG:
  86   3              if (mod == 1)
  87   3              {
  88   4                mod = 2;
  89   4                lcd_string (words[8], 0, 0);
  90   4                delay_x_ms (800);
  91   4                lcd_string (words[1], 0, 0);
  92   4              }
  93   3              break;
  94   3            case BUT_CAN:
  95   3              pass_wd_inp = 0;
  96   3              (mod) ? (mod = 1, lcd_string (words[4], 0, 0)) : (0);
*** WARNING C275 IN LINE 96 OF main.c: expression with possibly no effect
  97   3              break;
  98   3            default:
  99   3              break;
 100   3          }
 101   2        }
 102   1        
 103   1        return 0;
 104   1      }
*** WARNING C294 IN LINE 103 OF main.c: unreachable code


MODULE INFORMATION:   STATIC OVERLAYABLE
   CODE SIZE        =    445    ----
   CONSTANT SIZE    =   ----    ----
   XDATA SIZE       =   ----    ----
   PDATA SIZE       =   ----    ----
   DATA SIZE        =   ----      17
   IDATA SIZE       =   ----    ----
   BIT SIZE         =   ----    ----
C51 COMPILER V9.60.7.0   MAIN                                                              07/15/2024 11:34:55 PAGE 3   

END OF MODULE INFORMATION.


C51 COMPILATION COMPLETE.  2 WARNING(S),  0 ERROR(S)
