C51 COMPILER V9.60.7.0   MAIN                                                              06/28/2024 23:17:21 PAGE 1   


C51 COMPILER V9.60.7.0, COMPILATION OF MODULE MAIN
OBJECT MODULE PLACED IN .\Objects\main.obj
COMPILER INVOKED BY: C:\Keil5\Core\C51\BIN\C51.EXE main.c OPTIMIZE(8,SPEED) BROWSE DEBUG OBJECTEXTEND PRINT(.\Listings\m
                    -ain.lst) TABS(2) OBJECT(.\Objects\main.obj)

line level    source

   1          #include <REGX52.H>
   2          //#include <intrins.h>
   3          #include "delay.h"
   4          
   5          int main (void)
   6          {
   7   1        unsigned char count;
   8   1        unsigned char mask = 0;
   9   1        
  10   1        while (1)
  11   1        {
  12   2          /*
  13   2          P2 = 0xFE;
  14   2          delay_s ();
  15   2        
  16   2          P2 = 0xFF;
  17   2          delay_s ();
  18   2          */
  19   2          
  20   2          /*
  21   2          P2 = 0xFE;
  22   2          delay_hf_s ();
  23   2          
  24   2          for (count = 1; count < 128; P2 -= count, count *= 2, delay_hf_s ());
  25   2          */
  26   2          
  27   2          /*
  28   2          P2 = 0xFF;
  29   2          delay_hf_s ();
  30   2          
  31   2          for (count = 1; count <= 128; P2 -= count, count *= 2, delay_hf_s ());
  32   2          */
  33   2          
  34   2          for (count = 0; count < 8; count ++)
  35   2          {
  36   3            P2 = ~ mask;
  37   3            (mask == 0) ? (mask += 1) : (mask <<= 1);
  38   3            delay_hf_s ();
  39   3          }
  40   2        }
  41   1        
  42   1        return 0;
  43   1      }
  44          
  45          /*
  46          void delay_s (void) //@11.0592MHz
  47          {
  48            unsigned char data i, j, k;
  49          
  50            _nop_();
  51            i = 8;
  52            j = 1;
  53            k = 243;
  54            do
C51 COMPILER V9.60.7.0   MAIN                                                              06/28/2024 23:17:21 PAGE 2   

  55            {
  56              do
  57              {
  58                while (--k);
  59              } while (--j);
  60            } while (--i);
  61          }
  62          */
*** WARNING C294 IN LINE 42 OF main.c: unreachable code


MODULE INFORMATION:   STATIC OVERLAYABLE
   CODE SIZE        =     39    ----
   CONSTANT SIZE    =   ----    ----
   XDATA SIZE       =   ----    ----
   PDATA SIZE       =   ----    ----
   DATA SIZE        =   ----       2
   IDATA SIZE       =   ----    ----
   BIT SIZE         =   ----    ----
END OF MODULE INFORMATION.


C51 COMPILATION COMPLETE.  1 WARNING(S),  0 ERROR(S)
