C51 COMPILER V9.60.7.0   MAIN                                                              07/01/2024 20:55:17 PAGE 1   


C51 COMPILER V9.60.7.0, COMPILATION OF MODULE MAIN
OBJECT MODULE PLACED IN .\Objects\main.obj
COMPILER INVOKED BY: C:\Keil5\Core\C51\BIN\C51.EXE main.c OPTIMIZE(8,SPEED) BROWSE DEBUG OBJECTEXTEND PRINT(.\Listings\m
                    -ain.lst) TABS(2) OBJECT(.\Objects\main.obj)

line level    source

   1          #include <REGX52.H>
   2          #include "delay.h"
   3          
   4          int main (void)
   5          {
   6   1        unsigned char num = /*255*/ 0;
   7   1        
   8   1        /*
   9   1        P2_0 = 1;
  10   1        P2_1 = 0;
  11   1        */
  12   1        
  13   1        P2 = ~num;
  14   1        
  15   1        while (1)
  16   1        {
  17   2          /*
  18   2          if (!P3_1)
  19   2          {
  20   2            P2_0 = 0;
  21   2            P2_1 = 1;
  22   2          }else
  23   2          {
  24   2            P2_0 = 1;
  25   2            P2_1 = 0;
  26   2          }
  27   2          */
  28   2          
  29   2          if (!P3_1)
  30   2          {
  31   3            delay_x_ms (20);
  32   3            while (!P3_1);
  33   3            delay_x_ms (20);
  34   3            
  35   3            /*
  36   3            P2_0 = ~P2_0;
  37   3            P2_1 = ~P2_1;
  38   3            */
  39   3            
  40   3            /*
  41   3            num --;
  42   3            P2 = num;
  43   3            */
  44   3            
  45   3            (num == 128 || num == 0) ? ((num == 128) ? (num = 0) : (num ++)) : (num <<= 1);
  46   3            P2 = ~num;
  47   3          }
  48   2        }
  49   1        
  50   1        return 0;
  51   1      }
*** WARNING C294 IN LINE 50 OF main.c: unreachable code


C51 COMPILER V9.60.7.0   MAIN                                                              07/01/2024 20:55:17 PAGE 2   

MODULE INFORMATION:   STATIC OVERLAYABLE
   CODE SIZE        =     65    ----
   CONSTANT SIZE    =   ----    ----
   XDATA SIZE       =   ----    ----
   PDATA SIZE       =   ----    ----
   DATA SIZE        =   ----       1
   IDATA SIZE       =   ----    ----
   BIT SIZE         =   ----    ----
END OF MODULE INFORMATION.


C51 COMPILATION COMPLETE.  1 WARNING(S),  0 ERROR(S)
