C51 COMPILER V9.60.7.0   DELAY                                                             07/19/2024 01:17:32 PAGE 1   


C51 COMPILER V9.60.7.0, COMPILATION OF MODULE DELAY
OBJECT MODULE PLACED IN .\Objects\delay.obj
COMPILER INVOKED BY: C:\Keil5\Core\C51\BIN\C51.EXE delay.c OPTIMIZE(8,SPEED) BROWSE DEBUG OBJECTEXTEND PRINT(.\Listings\
                    -delay.lst) TABS(2) OBJECT(.\Objects\delay.obj)

line level    source

   1          #include "delay.h"
   2          #include <REGX52.H>
   3          
   4          void delay_x_ms (int x)
   5          {
   6   1        int i;
   7   1        for (i = 0; i < x; i ++)
   8   1        {
   9   2          delay_ms ();
  10   2        }
  11   1      }
  12          
  13          void delay_ms (void)
  14          {
  15   1        TMOD &= 0xF0;
  16   1        TMOD |= 0x1;
  17   1        TL0 = 0x67;
  18   1        TH0 = 0xFC;
  19   1        TF0 = 0;
  20   1        TR0 = 1;
  21   1        while (!TF0);
  22   1        TR0 = 0;
  23   1        TF0 = 0;
  24   1      }


MODULE INFORMATION:   STATIC OVERLAYABLE
   CODE SIZE        =     64    ----
   CONSTANT SIZE    =   ----    ----
   XDATA SIZE       =   ----    ----
   PDATA SIZE       =   ----    ----
   DATA SIZE        =   ----       4
   IDATA SIZE       =   ----    ----
   BIT SIZE         =   ----    ----
END OF MODULE INFORMATION.


C51 COMPILATION COMPLETE.  0 WARNING(S),  0 ERROR(S)
