C51 COMPILER V9.60.7.0   MAIN                                                              07/19/2024 01:19:29 PAGE 1   


C51 COMPILER V9.60.7.0, COMPILATION OF MODULE MAIN
OBJECT MODULE PLACED IN .\Objects\main.obj
COMPILER INVOKED BY: C:\Keil5\Core\C51\BIN\C51.EXE main.c OPTIMIZE(8,SPEED) BROWSE DEBUG OBJECTEXTEND PRINT(.\Listings\m
                    -ain.lst) TABS(2) OBJECT(.\Objects\main.obj)

line level    source

   1          #include <REGX52.H>
   2          #include "delay.h"
   3          #include "clock_show.h"
   4          #include "button.h"
   5          #include "useful.h"
   6          
   7          unsigned char count_down[] = {0, 0, 0};
   8          
   9          int main (void)
  10          {
  11   1        timer1_init ();
  12   1        P2 = 0 << 2;
  13   1        
  14   1        while (1)
  15   1        {
  16   2          button_push (0, count_p_m);
  17   2          button_push (1, count_p_m);
  18   2          button_push (2, change_pos);
  19   2          button_push (3, change_pos);
  20   2          
  21   2          clock_show_num (0, count_down[0] / 10);
  22   2          clock_show_num (1, count_down[0] % 10);
  23   2          clock_show_num (2, 10);
  24   2          clock_show_num (3, count_down[1] / 10);
  25   2          clock_show_num (4, count_down[1] % 10);
  26   2          clock_show_num (5, 10);
  27   2          clock_show_num (6, count_down[2] / 10);
  28   2          clock_show_num (7, count_down[2] % 10);
  29   2        }
  30   1        
  31   1        return 0;
  32   1      }
*** WARNING C294 IN LINE 31 OF main.c: unreachable code


MODULE INFORMATION:   STATIC OVERLAYABLE
   CODE SIZE        =    142    ----
   CONSTANT SIZE    =   ----    ----
   XDATA SIZE       =   ----    ----
   PDATA SIZE       =   ----    ----
   DATA SIZE        =      3    ----
   IDATA SIZE       =   ----    ----
   BIT SIZE         =   ----    ----
END OF MODULE INFORMATION.


C51 COMPILATION COMPLETE.  1 WARNING(S),  0 ERROR(S)
