C51 COMPILER V9.60.7.0   USEFUL                                                            07/19/2024 13:16:15 PAGE 1   


C51 COMPILER V9.60.7.0, COMPILATION OF MODULE USEFUL
OBJECT MODULE PLACED IN .\Objects\useful.obj
COMPILER INVOKED BY: C:\Keil5\Core\C51\BIN\C51.EXE useful.c OPTIMIZE(8,SPEED) BROWSE DEBUG OBJECTEXTEND PRINT(.\Listings
                    -\useful.lst) TABS(2) OBJECT(.\Objects\useful.obj)

line level    source

   1          #include <REGX52.H>
   2          #include "useful.h"
   3          #include "clock_show.h"
   4          
   5          extern unsigned char count_down[];
   6          extern unsigned char pos;
   7          unsigned long ms_count = 0, shine_count = 0;
   8          unsigned long shine_ms_count = 0;
   9          
  10          void count_p_m (unsigned char which_but)
  11          {
  12   1        (!which_but || which_but == 1) ? ((!which_but) ? (count_down[pos] --) : (count_down[pos] ++)) : 0;
*** WARNING C275 IN LINE 12 OF useful.c: expression with possibly no effect
  13   1      
  14   1        (pos > 0) ?
  15   1        ((count_down[pos] == 60) ? (count_down[pos] = 0) : 
  16   1        ((count_down[pos] == 255) ? (count_down[pos] = 59) : 1)) :
  17   1        ((count_down[pos] == 24) ? (count_down[pos] = 0) : 
  18   1        ((count_down[pos] == 255) ? (count_down[pos] = 23) : 1));
*** WARNING C275 IN LINE 18 OF useful.c: expression with possibly no effect
  19   1      }
  20          
  21          void change_pos (unsigned char which_but)
  22          {
  23   1        (which_but == 2) ? (pos --) : (pos ++);
  24   1      
  25   1        (pos == 3) ? (pos = 0) : ((pos == 255) ? (pos = 2) : 1);
  26   1      }
  27          
  28          void timer1_init (void) 
  29          {
  30   1        TMOD &= 0x0F;
  31   1        TMOD |= 0x01;
  32   1        TH1 = 0x67;
  33   1        TL1 = 0xFC; 
  34   1        TF1 = 0;
  35   1        ET1 = 1;
  36   1        EA = 1;
  37   1        TR1 = 1;
  38   1      }
  39          
  40          
  41          void timer1_ISR (void) interrupt 3
  42          {
  43   1        TH1 = 0x67;
  44   1        TL1 = 0xFC; 
  45   1        ms_count++;
  46   1        
  47   1        if (ms_count == 189) 
  48   1        {
  49   2          count_down[2] ++;
  50   2          ms_count = 0;
  51   2        }
  52   1        
C51 COMPILER V9.60.7.0   USEFUL                                                            07/19/2024 13:16:15 PAGE 2   

  53   1        (count_down[2] == 60) ? (count_down[2] = 0, count_down[1] ++) : (0);
  54   1        (count_down[1] == 60) ? (count_down[1] = 0, count_down[0] ++) : (0);
  55   1        (count_down[0] == 24) ? (count_down[0] = 0) : (0);
  56   1      }


MODULE INFORMATION:   STATIC OVERLAYABLE
   CODE SIZE        =    260    ----
   CONSTANT SIZE    =   ----    ----
   XDATA SIZE       =   ----    ----
   PDATA SIZE       =   ----    ----
   DATA SIZE        =     12    ----
   IDATA SIZE       =   ----    ----
   BIT SIZE         =   ----    ----
END OF MODULE INFORMATION.


C51 COMPILATION COMPLETE.  2 WARNING(S),  0 ERROR(S)
