C51 COMPILER V9.60.7.0   BUTTON                                                            07/11/2024 17:31:18 PAGE 1   


C51 COMPILER V9.60.7.0, COMPILATION OF MODULE BUTTON
OBJECT MODULE PLACED IN .\Objects\button.obj
COMPILER INVOKED BY: C:\Keil5\Core\C51\BIN\C51.EXE button.c OPTIMIZE(8,SPEED) BROWSE DEBUG OBJECTEXTEND PRINT(.\Listings
                    -\button.lst) TABS(2) OBJECT(.\Objects\button.obj)

line level    source

   1          #include <REGX52.H>
   2          #include "button.h"
   3          #include "delay.h"
   4          #include "useful.h"
   5          
   6          unsigned char mod = 2;
   7          
   8          //waring: but >= 0 && but <= 3
   9          unsigned char button_push (unsigned char but, void (* func_p) (unsigned char, unsigned char))
  10          {
  11   1        unsigned char mask = 1 << but;
  12   1        
  13   1        if (!(P3 & mask))
  14   1        {
  15   2          delay_x_ms (20);
  16   2          while (!(P3 & mask));
  17   2          delay_x_ms (20);
  18   2          
  19   2          func_p (but);
  20   2        }
  21   1      
  22   1        return 1;
  23   1      }


MODULE INFORMATION:   STATIC OVERLAYABLE
   CODE SIZE        =     58    ----
   CONSTANT SIZE    =   ----    ----
   XDATA SIZE       =   ----    ----
   PDATA SIZE       =   ----    ----
   DATA SIZE        =      1       5
   IDATA SIZE       =   ----    ----
   BIT SIZE         =   ----    ----
END OF MODULE INFORMATION.


C51 COMPILATION COMPLETE.  0 WARNING(S),  0 ERROR(S)
