C51 COMPILER V9.60.7.0   MAIN                                                              07/11/2024 17:39:17 PAGE 1   


C51 COMPILER V9.60.7.0, COMPILATION OF MODULE MAIN
OBJECT MODULE PLACED IN .\Objects\main.obj
COMPILER INVOKED BY: C:\Keil5\Core\C51\BIN\C51.EXE main.c OPTIMIZE(8,SPEED) BROWSE DEBUG OBJECTEXTEND PRINT(.\Listings\m
                    -ain.lst) TABS(2) OBJECT(.\Objects\main.obj)

line level    source

   1          #include <REGX52.H>
   2          #include "run_lcd.h"
   3          
   4          int main (void)
   5          {
   6   1        long int show = 0;
   7   1        lcd_init ();
   8   1        lcd_string ("Hello, LCD! ", 0, 0);
   9   1        
  10   1        while (1)
  11   1        {
  12   2          lcd_num (show, 1, 0);
  13   2          (show >= 3600) ? (show = 0) : (1);
  14   2          show += 60;
  15   2          delay_s ();
*** WARNING C206 IN LINE 15 OF main.c: 'delay_s': missing function-prototype
  16   2        }
  17   1        
  18   1        return 0;
  19   1      }
*** WARNING C294 IN LINE 18 OF main.c: unreachable code


MODULE INFORMATION:   STATIC OVERLAYABLE
   CODE SIZE        =     98    ----
   CONSTANT SIZE    =     13    ----
   XDATA SIZE       =   ----    ----
   PDATA SIZE       =   ----    ----
   DATA SIZE        =   ----       4
   IDATA SIZE       =   ----    ----
   BIT SIZE         =   ----    ----
END OF MODULE INFORMATION.


C51 COMPILATION COMPLETE.  2 WARNING(S),  0 ERROR(S)
