C51 COMPILER V9.60.7.0   USEFUL                                                            07/11/2024 17:31:18 PAGE 1   


C51 COMPILER V9.60.7.0, COMPILATION OF MODULE USEFUL
OBJECT MODULE PLACED IN .\Objects\useful.obj
COMPILER INVOKED BY: C:\Keil5\Core\C51\BIN\C51.EXE useful.c OPTIMIZE(8,SPEED) BROWSE DEBUG OBJECTEXTEND PRINT(.\Listings
                    -\useful.lst) TABS(2) OBJECT(.\Objects\useful.obj)

line level    source

   1          #include "useful.h"
   2          
   3          extern unsigned char count_down[];
   4          extern unsigned char mod;
   5          
   6          void if_sldbe_zero (unsigned char * x)
   7          {
   8   1        (*x == 0 || *x == 1 << 7) ? ((*x == 0) ? (*x = 1) : (*x = 0)) : (*x <<= 1);
   9   1      }
  10          
  11          void count_p_m (unsigned char which_but)
  12          {
  13   1        (!which_but || which_but == 1) ? ((!which_but) ? (count_down[mod] --) : (count_down[mod] ++)) : 0;
*** WARNING C275 IN LINE 13 OF useful.c: expression with possibly no effect
  14   1      
  15   1        (mod > 0) ?
  16   1        ((count_down[mod] == 60) ? (count_down[mod] = 0) : 
  17   1        ((count_down[mod] == 255) ? (count_down[mod] = 59) : 1)) :
  18   1        ((count_down[mod] == 24) ? (count_down[mod] = 0) : 
  19   1        ((count_down[mod] == 255) ? (count_down[mod] = 23) : 1));
*** WARNING C275 IN LINE 19 OF useful.c: expression with possibly no effect
  20   1      }
  21          
  22          void change_mod (unsigned char which_but)
  23          {
  24   1        (which_but == 2) ? (mod --) : (mod ++);
  25   1      
  26   1        (mod == 3) ? (mod = 0) : ((mod == 255) ? (mod = 2) : 1);
  27   1      }
  28          
  29          void num_to_str (long int to_str, unsigned char * str)
  30          {
  31   1        unsigned char pt = 0, * put_in = str, buffer[17], end = 0;
  32   1        
  33   1        (to_str < 0) ? (*put_in = '-', end = 1, to_str = - to_str) : (1);
  34   1        
  35   1        for (; pt < (16 - end) && to_str > 0; pt ++)
  36   1        {
  37   2          buffer[pt] = to_str % 10 + 48;
  38   2          to_str /= 10;
  39   2        }
  40   1        
  41   1        (end == 1) ? (buffer[pt] = '-', pt ++) : (1);
  42   1        
  43   1        for (end = 0; end < pt; end ++)
  44   1        {
  45   2          str[end] = buffer[pt - 1 - end];
  46   2        }
  47   1        
  48   1        //str[end] = '\0';
  49   1      }


MODULE INFORMATION:   STATIC OVERLAYABLE
C51 COMPILER V9.60.7.0   USEFUL                                                            07/11/2024 17:31:18 PAGE 2   

   CODE SIZE        =    315    ----
   CONSTANT SIZE    =   ----    ----
   XDATA SIZE       =   ----    ----
   PDATA SIZE       =   ----    ----
   DATA SIZE        =   ----      26
   IDATA SIZE       =   ----    ----
   BIT SIZE         =   ----    ----
END OF MODULE INFORMATION.


C51 COMPILATION COMPLETE.  2 WARNING(S),  0 ERROR(S)
